<?xml version="1.0" encoding="UTF-8" ?>
<testsuite tests="7" failures="0" name="videoService.PremiumUserAccountTest" time="3.156" errors="0" skipped="0">
  <properties>
[...]
</properties>
  <testcase classname="videoService.PremiumUserAccountTest" name="testThatPremiumAccountCanAddBookmark" time="0.13"/>
  <testcase classname="videoService.PremiumUserAccountTest" name="testThatPremiumAccountCanRemoveBookmark" time="0.535"/>
  <testcase classname="videoService.PremiumUserAccountTest" name="testThatPremiumAccountCanPlayHD" time="0.379"/>
  <testcase classname="videoService.PremiumUserAccountTest" name="testThatUserCannotPlayMovieWithAgeRestriction" time="0.88"/>
  <testcase classname="videoService.PremiumUserAccountTest" name="testThatUserCanStopMovie" time="0.397"/>
  <testcase classname="videoService.PremiumUserAccountTest" name="testThatUserCanPlayMovie" time="0.416"/>
  <testcase classname="videoService.PremiumUserAccountTest" name="testThatNotUploadedMovieCannotBePlayed" time="0.419"/>
</testsuite>